#! /usr/bin/vvp
:ivl_version "0.9.3 " "(v0_9_3)";
:vpi_time_precision + 0;
:vpi_module "system";
:vpi_module "v2005_math";
:vpi_module "va_math";
S_0x94a0c30 .scope module, "signExtend" "signExtend" 2 1;
 .timescale 0 0;
v0x94a0f80_0 .net *"_s1", 0 0, L_0x94c1078; 1 drivers
v0x94c0f50_0 .net *"_s2", 15 0, L_0x94c1108; 1 drivers
v0x94c0fb0_0 .net "in", 15 0, C4<zzzzzzzzzzzzzzzz>; 0 drivers
v0x94c1010_0 .net "out", 31 0, L_0x94c11f8; 1 drivers
L_0x94c1078 .part C4<zzzzzzzzzzzzzzzz>, 15, 1;
LS_0x94c1108_0_0 .concat [ 1 1 1 1], L_0x94c1078, L_0x94c1078, L_0x94c1078, L_0x94c1078;
LS_0x94c1108_0_4 .concat [ 1 1 1 1], L_0x94c1078, L_0x94c1078, L_0x94c1078, L_0x94c1078;
LS_0x94c1108_0_8 .concat [ 1 1 1 1], L_0x94c1078, L_0x94c1078, L_0x94c1078, L_0x94c1078;
LS_0x94c1108_0_12 .concat [ 1 1 1 1], L_0x94c1078, L_0x94c1078, L_0x94c1078, L_0x94c1078;
L_0x94c1108 .concat [ 4 4 4 4], LS_0x94c1108_0_0, LS_0x94c1108_0_4, LS_0x94c1108_0_8, LS_0x94c1108_0_12;
L_0x94c11f8 .concat [ 16 16 0 0], C4<zzzzzzzzzzzzzzzz>, L_0x94c1108;
# The file index is used to find the file name in the following table.
:file_names 3;
    "N/A";
    "<interactive>";
    "signExtend.v";
